12:34:11.554 479  [main] INFO  org.example.App - Iniciando nova partida
12:34:26.302 15227 [main] INFO  org.example.App - Jogador 1: geo
12:34:26.758 15683 [main] INFO  org.example.App - Jogador 2: p
12:34:29.475 18400 [main] INFO  org.example.App - geo jogou na coluna 1
12:36:16.003 [main] INFO  o.e.App - Iniciando nova partida
12:36:18.600 [main] INFO  o.e.App - Jogador 1: geo
12:36:19.564 [main] INFO  o.e.App - Jogador 2: a
12:36:23.298 [main] INFO  o.e.App - geo jogou na coluna 1
12:36:28.433 [main] INFO  o.e.App - a jogou na coluna 2
12:39:02.022 [main] INFO  o.e.App - Iniciando nova partida
12:39:05.201 [main] INFO  o.e.App - Jogador 1: geo
12:39:11.978 [main] INFO  o.e.App - Jogador 2: geovanni
12:39:13.269 [main] INFO  o.e.App - geo jogou na coluna 1
12:39:15.915 [main] INFO  o.e.App - geovanni jogou na coluna 5
12:39:18.650 [main] INFO  o.e.App - geo jogou na coluna 2
12:39:21.254 [main] INFO  o.e.App - geovanni jogou na coluna 6
12:39:23.884 [main] INFO  o.e.App - geo jogou na coluna 3
12:39:26.538 [main] INFO  o.e.App - geovanni jogou na coluna 6
12:39:29.609 [main] INFO  o.e.App - geo jogou na coluna 4
12:39:31.626 [main] INFO  o.e.App - geo venceu a partida, com duração de 29 segundos
12:40:02.052 [main] INFO  o.e.App - Iniciando nova partida
12:40:04.892 [main] INFO  o.e.App - Jogador 1: a
12:40:05.554 [main] INFO  o.e.App - Jogador 2: b
12:40:09.201 [main] ERROR o.e.App - Erro detectado: 
org.example.Lig4Exceptions.ColunaInvalidaException: Valor da coluna inválido. Escolher um número entre 1 e 7. Escolha um novo valor
	at org.example.Domain.Jogada.<init>(Jogada.java:13)
	at org.example.Domain.Jogador.Jogar(Jogador.java:24)
	at org.example.App.main(App.java:46)
12:40:09.978 [main] INFO  o.e.App - a jogou na coluna 1
12:40:12.641 [main] INFO  o.e.App - b jogou na coluna 1
12:40:15.188 [main] INFO  o.e.App - a jogou na coluna 1
12:40:17.772 [main] INFO  o.e.App - b jogou na coluna 1
12:40:20.286 [main] INFO  o.e.App - a jogou na coluna 1
12:40:23.022 [main] INFO  o.e.App - b jogou na coluna 1
12:40:27.684 [main] ERROR o.e.App - Erro detectado: 
org.example.Lig4Exceptions.ColunaCompletaException: Esta coluna está completa, escolha outra com espaços sobrando para jogar!
	at org.example.Domain.Tabuleiro.AtualizaTabuleiro(Tabuleiro.java:26)
	at org.example.App.main(App.java:47)
12:40:29.446 [main] INFO  o.e.App - a jogou na coluna 2
13:05:05.550 INFO org.example.App - Iniciando nova partida
13:05:12.189 INFO org.example.App - Jogador 1: teste
13:05:13.118 INFO org.example.App - Jogador 2: a
13:05:13.875 INFO org.example.App - teste jogou na coluna 1
13:06:43.049 org.example.App - Iniciando nova partida
13:06:44.128 org.example.App - Jogador 1: geo
13:06:44.517 org.example.App - Jogador 2: a
13:06:45.462 org.example.App - geo jogou na coluna 1
13:07:19.679 INFO org.example.App - Iniciando nova partida
13:07:22.533 INFO org.example.App - Jogador 1: a
13:07:23.275 INFO org.example.App - Jogador 2: b
13:07:27.143 ERROR org.example.App - Erro detectado: 
org.example.Lig4Exceptions.ColunaInvalidaException: Valor da coluna inválido. Escolher um número entre 1 e 7. Escolha um novo valor
	at org.example.Domain.Jogada.<init>(Jogada.java:13)
	at org.example.Domain.Jogador.Jogar(Jogador.java:24)
	at org.example.App.main(App.java:46)
13:07:28.993 INFO org.example.App - a jogou na coluna 2
13:14:13.696 INFO  org.example.App - Iniciando nova partida
13:14:17.960 INFO  org.example.App - Jogador 1: a
13:14:18.702 INFO  org.example.App - Jogador 2: b
13:14:20.130 INFO  org.example.App - a jogou na coluna 2
13:14:24.142 ERROR org.example.App - Erro detectado: 
org.example.Lig4Exceptions.ColunaInvalidaException: Valor da coluna inválido. Escolher um número entre 1 e 7. Escolha um novo valor
	at org.example.Domain.Jogada.<init>(Jogada.java:13)
	at org.example.Domain.Jogador.Jogar(Jogador.java:24)
	at org.example.App.main(App.java:46)
13:14:24.145 INFO  org.example.App - b jogou na coluna 1
13:27:10.188 694  INFO  org.example.App - Iniciando nova partida
13:27:13.915 4421 INFO  org.example.App - Jogador 1: a
13:27:14.556 5062 INFO  org.example.App - Jogador 2: b
13:27:15.394 5900 INFO  org.example.App - a jogou na coluna 1
13:27:15.394 5900 DEBUG org.example.App - Executando método de troca de jogador
13:27:19.419 9925 ERROR org.example.App - Erro detectado: 
org.example.Lig4Exceptions.ColunaInvalidaException: Valor da coluna inválido. Escolher um número entre 1 e 7. Escolha um novo valor
	at org.example.Domain.Jogada.<init>(Jogada.java:13)
	at org.example.Domain.Jogador.Jogar(Jogador.java:24)
	at org.example.App.main(App.java:46)
13:27:19.421 9927 INFO  org.example.App - b jogou na coluna 2
13:27:19.422 9928 DEBUG org.example.App - Executando método de troca de jogador
22:53:11.360 1036 INFO  org.example.App - Iniciando nova partida
22:53:18.805 8481 INFO  org.example.App - Jogador 1: Geo
22:53:20.482 10158 INFO  org.example.App - Jogador 2: Ber
22:53:53.156 42832 INFO  org.example.App - Geo jogou na coluna 4
22:53:53.156 42832 DEBUG org.example.App - Executando método de troca de jogador
22:54:11.435 61111 INFO  org.example.App - Ber jogou na coluna 4
22:54:11.435 61111 DEBUG org.example.App - Executando método de troca de jogador
22:54:15.430 65106 INFO  org.example.App - Geo jogou na coluna 2
22:54:15.430 65106 DEBUG org.example.App - Executando método de troca de jogador
22:54:25.059 74735 INFO  org.example.App - Ber jogou na coluna 3
22:54:25.059 74735 DEBUG org.example.App - Executando método de troca de jogador
22:54:31.135 80811 INFO  org.example.App - Geo jogou na coluna 3
22:54:31.135 80811 DEBUG org.example.App - Executando método de troca de jogador
22:54:43.564 93240 INFO  org.example.App - Ber jogou na coluna 2
22:54:43.564 93240 DEBUG org.example.App - Executando método de troca de jogador
22:54:51.104 100780 INFO  org.example.App - Geo jogou na coluna 4
22:54:51.104 100780 DEBUG org.example.App - Executando método de troca de jogador
22:54:58.948 108624 INFO  org.example.App - Ber jogou na coluna 5
22:54:58.948 108624 DEBUG org.example.App - Executando método de troca de jogador
22:55:02.260 111936 INFO  org.example.App - Geo jogou na coluna 5
22:55:02.260 111936 DEBUG org.example.App - Executando método de troca de jogador
22:55:08.251 117927 INFO  org.example.App - Ber jogou na coluna 5
22:55:08.251 117927 DEBUG org.example.App - Executando método de troca de jogador
22:55:11.533 121209 INFO  org.example.App - Geo jogou na coluna 5
22:55:13.546 123222 INFO  org.example.App - Geo venceu a partida, com duração de 122 segundos
22:56:12.660 674  INFO  org.example.App - Iniciando nova partida
22:56:15.974 3988 INFO  org.example.App - Jogador 1: Ber
22:56:17.113 5127 INFO  org.example.App - Jogador 2: Geo
22:56:22.781 10795 ERROR org.example.App - Erro detectado: 
org.example.Lig4Exceptions.ColunaInvalidaException: Valor da coluna inválido. Escolher um número entre 1 e 7. Escolha um novo valor
	at org.example.Domain.Jogada.<init>(Jogada.java:13)
	at org.example.Domain.Jogador.Jogar(Jogador.java:24)
	at org.example.App.main(App.java:46)
22:56:26.411 14425 INFO  org.example.App - Ber jogou na coluna 7
22:56:26.412 14426 DEBUG org.example.App - Executando método de troca de jogador
22:56:30.412 18426 INFO  org.example.App - Geo jogou na coluna 3
22:56:30.412 18426 DEBUG org.example.App - Executando método de troca de jogador
22:56:34.402 22416 INFO  org.example.App - Ber jogou na coluna 7
22:56:34.403 22417 DEBUG org.example.App - Executando método de troca de jogador
22:56:41.982 29996 INFO  org.example.App - Geo jogou na coluna 2
22:56:41.982 29996 DEBUG org.example.App - Executando método de troca de jogador
22:56:59.215 47229 INFO  org.example.App - Ber jogou na coluna 1
22:56:59.215 47229 DEBUG org.example.App - Executando método de troca de jogador
22:57:06.627 54641 INFO  org.example.App - Geo jogou na coluna 4
22:57:06.627 54641 DEBUG org.example.App - Executando método de troca de jogador
22:57:11.537 59551 INFO  org.example.App - Ber jogou na coluna 5
22:57:11.537 59551 DEBUG org.example.App - Executando método de troca de jogador
22:57:16.810 64824 INFO  org.example.App - Geo jogou na coluna 3
22:57:16.810 64824 DEBUG org.example.App - Executando método de troca de jogador
22:57:21.851 69865 INFO  org.example.App - Ber jogou na coluna 7
22:57:21.851 69865 DEBUG org.example.App - Executando método de troca de jogador
22:57:25.318 73332 INFO  org.example.App - Geo jogou na coluna 7
22:57:25.318 73332 DEBUG org.example.App - Executando método de troca de jogador
22:57:33.123 81137 INFO  org.example.App - Ber jogou na coluna 6
22:57:33.123 81137 DEBUG org.example.App - Executando método de troca de jogador
22:57:45.095 93109 INFO  org.example.App - Geo jogou na coluna 4
22:57:45.096 93110 DEBUG org.example.App - Executando método de troca de jogador
22:57:51.216 99230 INFO  org.example.App - Ber jogou na coluna 6
22:57:51.216 99230 DEBUG org.example.App - Executando método de troca de jogador
22:58:00.675 108689 INFO  org.example.App - Geo jogou na coluna 6
22:58:00.675 108689 DEBUG org.example.App - Executando método de troca de jogador
22:58:09.017 117031 INFO  org.example.App - Ber jogou na coluna 1
22:58:09.017 117031 DEBUG org.example.App - Executando método de troca de jogador
22:58:12.425 120439 INFO  org.example.App - Geo jogou na coluna 5
22:58:14.434 122448 INFO  org.example.App - Geo venceu a partida, com duração de 121 segundos
09:09:46.455 650  INFO  org.example.App - Iniciando nova partida
09:09:49.745 3940 INFO  org.example.App - Jogador 1: 3
09:09:50.874 5069 INFO  org.example.App - Jogador 2: 2
